<?xml version="1.0" encoding="UTF-8"?>
<!-- Generated by org.testng.reporters.JUnitXMLReporter -->
<testsuite ignored="0" hostname="DESKTOP-G9MFVJH" failures="1" tests="1" name="testSearchGoogle" time="7.386" errors="0" timestamp="2021-11-13T06:25:21 EET">
  <testcase classname="webGUITestAutomation.FirstTest" name="testSearchGoogle" time="6.477">
    <failure type="java.lang.AssertionError" message="expected [true] but found [false]">
      <![CDATA[java.lang.AssertionError: expected [true] but found [false]
at webGUITestAutomation.FirstTest.testSearchGoogle(FirstTest.java:46)
at java.base/java.util.ArrayList.forEach(ArrayList.java:1511)
... Removed 31 stack frames]]>
    </failure>
  </testcase> <!-- testSearchGoogle -->
</testsuite> <!-- testSearchGoogle -->
